<?xml version="1.0" encoding="UTF-8"?>
<!-- Generated by org.testng.reporters.JUnitReportReporter -->
<testsuite hostname="DESKTOP-IAFG5FQ" failures="0" tests="1" name="com.Adactin.TestNgAdactin" time="18.245" errors="0" timestamp="2023-09-24T13:08:38 IST" skipped="0">
  <testcase classname="com.Adactin.TestNgAdactin" name="runtest" time="18.245"/>
</testsuite> <!-- com.Adactin.TestNgAdactin -->
